2023-12-13 11:19:25,126 INFO [main] o.a.n.a.single.user.SingleUserAuthorizer Initializing Authorizer
2023-12-13 11:19:25,255 INFO [main] o.a.n.a.FileUserGroupProvider Creating new users file at /opt/nifi/nifi-current/./conf/users.xml
2023-12-13 11:19:25,370 INFO [main] o.a.n.a.FileUserGroupProvider Users/Groups file loaded at Wed Dec 13 11:19:25 UTC 2023
2023-12-13 11:19:25,371 INFO [main] o.a.n.a.FileAccessPolicyProvider Creating new authorizations file at /opt/nifi/nifi-current/./conf/authorizations.xml
2023-12-13 11:19:25,421 INFO [main] o.a.n.a.FileAccessPolicyProvider Authorizations file loaded at Wed Dec 13 11:19:25 UTC 2023
2023-12-13 11:19:25,426 INFO [main] o.a.n.a.single.user.SingleUserAuthorizer Configuring Authorizer
2023-12-13 11:28:02,666 INFO [main] o.a.n.a.single.user.SingleUserAuthorizer Initializing Authorizer
2023-12-13 11:28:03,224 INFO [main] o.a.n.a.FileUserGroupProvider Creating new users file at /opt/nifi/nifi-current/./conf/users.xml
2023-12-13 11:28:03,281 INFO [main] o.a.n.a.FileUserGroupProvider Users/Groups file loaded at Wed Dec 13 11:28:03 UTC 2023
2023-12-13 11:28:03,282 INFO [main] o.a.n.a.FileAccessPolicyProvider Creating new authorizations file at /opt/nifi/nifi-current/./conf/authorizations.xml
2023-12-13 11:28:03,330 INFO [main] o.a.n.a.FileAccessPolicyProvider Authorizations file loaded at Wed Dec 13 11:28:03 UTC 2023
2023-12-13 11:28:03,333 INFO [main] o.a.n.a.single.user.SingleUserAuthorizer Configuring Authorizer
2023-12-13 14:24:10,386 INFO [main] o.a.n.a.single.user.SingleUserAuthorizer Initializing Authorizer
2023-12-13 14:24:12,193 INFO [main] o.a.n.a.FileUserGroupProvider Users/Groups file loaded at Wed Dec 13 14:24:12 UTC 2023
2023-12-13 14:24:13,386 INFO [main] o.a.n.a.FileAccessPolicyProvider Authorizations file loaded at Wed Dec 13 14:24:13 UTC 2023
2023-12-13 14:24:13,389 INFO [main] o.a.n.a.single.user.SingleUserAuthorizer Configuring Authorizer
2023-12-13 15:06:58,036 INFO [main] o.a.n.a.single.user.SingleUserAuthorizer Initializing Authorizer
2023-12-13 15:06:58,232 INFO [main] o.a.n.a.FileUserGroupProvider Users/Groups file loaded at Wed Dec 13 15:06:58 UTC 2023
2023-12-13 15:06:59,294 INFO [main] o.a.n.a.FileAccessPolicyProvider Authorizations file loaded at Wed Dec 13 15:06:59 UTC 2023
2023-12-13 15:06:59,298 INFO [main] o.a.n.a.single.user.SingleUserAuthorizer Configuring Authorizer
2023-12-13 15:29:09,739 INFO [main] o.a.n.a.single.user.SingleUserAuthorizer Initializing Authorizer
2023-12-13 15:29:12,838 INFO [main] o.a.n.a.FileUserGroupProvider Users/Groups file loaded at Wed Dec 13 15:29:12 UTC 2023
2023-12-13 15:29:13,969 INFO [main] o.a.n.a.FileAccessPolicyProvider Authorizations file loaded at Wed Dec 13 15:29:13 UTC 2023
2023-12-13 15:29:13,973 INFO [main] o.a.n.a.single.user.SingleUserAuthorizer Configuring Authorizer
2023-12-13 15:34:52,798 INFO [main] o.a.n.a.single.user.SingleUserAuthorizer Initializing Authorizer
2023-12-13 15:34:53,783 INFO [main] o.a.n.a.FileUserGroupProvider Users/Groups file loaded at Wed Dec 13 15:34:53 UTC 2023
2023-12-13 15:34:54,769 INFO [main] o.a.n.a.FileAccessPolicyProvider Authorizations file loaded at Wed Dec 13 15:34:54 UTC 2023
2023-12-13 15:34:54,772 INFO [main] o.a.n.a.single.user.SingleUserAuthorizer Configuring Authorizer
2023-12-13 18:45:00,167 INFO [main] o.a.n.a.single.user.SingleUserAuthorizer Initializing Authorizer
2023-12-13 18:45:01,971 INFO [main] o.a.n.a.FileUserGroupProvider Users/Groups file loaded at Wed Dec 13 18:45:01 UTC 2023
2023-12-13 18:45:03,765 INFO [main] o.a.n.a.FileAccessPolicyProvider Authorizations file loaded at Wed Dec 13 18:45:03 UTC 2023
2023-12-13 18:45:03,771 INFO [main] o.a.n.a.single.user.SingleUserAuthorizer Configuring Authorizer
2023-12-13 19:08:56,963 INFO [main] o.a.n.a.single.user.SingleUserAuthorizer Initializing Authorizer
2023-12-13 19:08:58,135 INFO [main] o.a.n.a.FileUserGroupProvider Users/Groups file loaded at Wed Dec 13 19:08:58 UTC 2023
2023-12-13 19:08:59,257 INFO [main] o.a.n.a.FileAccessPolicyProvider Authorizations file loaded at Wed Dec 13 19:08:59 UTC 2023
2023-12-13 19:08:59,260 INFO [main] o.a.n.a.single.user.SingleUserAuthorizer Configuring Authorizer
2023-12-13 19:40:32,307 INFO [NiFi Web Server-28] o.a.n.w.a.c.ValidationExceptionMapper org.apache.nifi.controller.exception.ValidationException: 1 validation error: Cannot automatically terminate 'success' relationship because a Connection already exists with this relationship. Returning Bad Request response.
2023-12-13 19:41:52,341 INFO [NiFi Web Server-114] o.a.n.w.a.c.ValidationExceptionMapper org.apache.nifi.controller.exception.ValidationException: 1 validation error: Cannot automatically terminate 'success' relationship because a Connection already exists with this relationship. Returning Bad Request response.
2023-12-13 19:42:57,544 INFO [NiFi Web Server-107] o.a.n.w.a.c.ValidationExceptionMapper org.apache.nifi.controller.exception.ValidationException: 1 validation error: Cannot automatically terminate 'success' relationship because a Connection already exists with this relationship. Returning Bad Request response.
