2023-12-13 11:11:49,429 INFO [main] o.a.n.b.NotificationServiceManager Successfully loaded the following 0 services: []
2023-12-13 11:11:49,434 INFO [main] org.apache.nifi.bootstrap.RunNiFi Registered no Notification Services for Notification Type NIFI_STARTED
2023-12-13 11:11:49,435 INFO [main] org.apache.nifi.bootstrap.RunNiFi Registered no Notification Services for Notification Type NIFI_STOPPED
2023-12-13 11:11:49,435 INFO [main] org.apache.nifi.bootstrap.RunNiFi Registered no Notification Services for Notification Type NIFI_DIED
2023-12-13 11:11:49,475 INFO [main] org.apache.nifi.bootstrap.RunNiFi Runtime Java version: 11.0.21
2023-12-13 11:11:49,751 INFO [main] org.apache.nifi.bootstrap.RunNiFi {javaVersion=11.0.21, availableProcessors=4, maxOpenFileDescriptors=1048576, totalPhysicalMemoryMB=5870, minimumHeapSize=1g, maximumHeapSize=1g}
2023-12-13 11:11:49,761 INFO [main] org.apache.nifi.bootstrap.Command Generating Self-Signed Certificate: Expires on 2024-02-11
2023-12-13 11:11:55,013 INFO [main] org.apache.nifi.bootstrap.Command Generated Self-Signed Certificate SHA-256: 2DBB32A9D24ECA991827ED365D21BE2A83105D3208A674A3DFE0FA17E572DC66
2023-12-13 11:11:55,081 INFO [main] org.apache.nifi.bootstrap.Command Starting Apache NiFi...
2023-12-13 11:11:55,083 INFO [main] org.apache.nifi.bootstrap.Command Working Directory: /opt/nifi/nifi-current
2023-12-13 11:11:55,085 INFO [main] org.apache.nifi.bootstrap.Command Command: /opt/java/openjdk/bin/java -classpath /opt/nifi/nifi-current/./conf:/opt/nifi/nifi-current/./lib/slf4j-api-2.0.9.jar:/opt/nifi/nifi-current/./lib/nifi-property-utils-1.24.0.jar:/opt/nifi/nifi-current/./lib/nifi-runtime-1.24.0.jar:/opt/nifi/nifi-current/./lib/jcl-over-slf4j-2.0.9.jar:/opt/nifi/nifi-current/./lib/nifi-stateless-api-1.24.0.jar:/opt/nifi/nifi-current/./lib/nifi-per-process-group-logging-1.24.0.jar:/opt/nifi/nifi-current/./lib/nifi-server-api-1.24.0.jar:/opt/nifi/nifi-current/./lib/nifi-api-1.24.0.jar:/opt/nifi/nifi-current/./lib/nifi-stateless-bootstrap-1.24.0.jar:/opt/nifi/nifi-current/./lib/log4j-over-slf4j-2.0.9.jar:/opt/nifi/nifi-current/./lib/nifi-nar-utils-1.24.0.jar:/opt/nifi/nifi-current/./lib/nifi-properties-1.24.0.jar:/opt/nifi/nifi-current/./lib/logback-core-1.3.11.jar:/opt/nifi/nifi-current/./lib/nifi-framework-api-1.24.0.jar:/opt/nifi/nifi-current/./lib/jul-to-slf4j-2.0.9.jar:/opt/nifi/nifi-current/./lib/jetty-schemas-5.2.jar:/opt/nifi/nifi-current/./lib/logback-classic-1.3.11.jar:/opt/nifi/nifi-current/./lib/javax.servlet-api-3.1.0.jar:/opt/nifi/nifi-current/./lib/java11/jakarta.activation-api-1.2.2.jar:/opt/nifi/nifi-current/./lib/java11/javax.annotation-api-1.3.2.jar:/opt/nifi/nifi-current/./lib/java11/txw2-2.3.8.jar:/opt/nifi/nifi-current/./lib/java11/jaxb-runtime-2.3.8.jar:/opt/nifi/nifi-current/./lib/java11/istack-commons-runtime-3.0.12.jar:/opt/nifi/nifi-current/./lib/java11/jakarta.xml.bind-api-2.3.3.jar:/opt/nifi/nifi-current/./lib/java11/jakarta.activation-1.2.2.jar -Dorg.apache.jasper.compiler.disablejsr199=true -Xmx1g -Xms1g -Dcurator-log-only-first-connection-issue-as-error-level=true -Djavax.security.auth.useSubjectCredsOnly=true -Djava.security.egd=file:/dev/urandom -Dzookeeper.admin.enableServer=false -Dsun.net.http.allowRestrictedHeaders=true -Djava.net.preferIPv4Stack=true -Djava.awt.headless=true -Djava.protocol.handler.pkgs=sun.net.www.protocol -Dnifi.properties.file.path=/opt/nifi/nifi-current/./conf/nifi.properties -Dnifi.bootstrap.listen.port=33585 -Dapp=NiFi -Dorg.apache.nifi.bootstrap.config.log.dir=/opt/nifi/nifi-current/logs org.apache.nifi.NiFi 
2023-12-13 11:11:55,396 INFO [main] org.apache.nifi.bootstrap.Command Launched Apache NiFi with Process ID 102
2023-12-13 11:11:58,876 INFO [NiFi Bootstrap Command Listener] org.apache.nifi.bootstrap.RunNiFi Apache NiFi now running and listening for Bootstrap requests on port 33123
2023-12-13 11:17:59,741 INFO [main] o.a.n.b.NotificationServiceManager Successfully loaded the following 0 services: []
2023-12-13 11:17:59,744 INFO [main] org.apache.nifi.bootstrap.RunNiFi Registered no Notification Services for Notification Type NIFI_STARTED
2023-12-13 11:17:59,745 INFO [main] org.apache.nifi.bootstrap.RunNiFi Registered no Notification Services for Notification Type NIFI_STOPPED
2023-12-13 11:17:59,746 INFO [main] org.apache.nifi.bootstrap.RunNiFi Registered no Notification Services for Notification Type NIFI_DIED
2023-12-13 11:18:01,520 INFO [main] org.apache.nifi.bootstrap.RunNiFi Runtime Java version: 11.0.21
2023-12-13 11:18:04,040 INFO [main] org.apache.nifi.bootstrap.RunNiFi {javaVersion=11.0.21, availableProcessors=4, maxOpenFileDescriptors=1048576, totalPhysicalMemoryMB=5870, minimumHeapSize=1g, maximumHeapSize=1g}
2023-12-13 11:18:04,047 INFO [main] org.apache.nifi.bootstrap.Command Starting Apache NiFi...
2023-12-13 11:18:04,048 INFO [main] org.apache.nifi.bootstrap.Command Working Directory: /opt/nifi/nifi-current
2023-12-13 11:18:04,049 INFO [main] org.apache.nifi.bootstrap.Command Command: /opt/java/openjdk/bin/java -classpath /opt/nifi/nifi-current/./conf:/opt/nifi/nifi-current/./lib/slf4j-api-2.0.9.jar:/opt/nifi/nifi-current/./lib/nifi-property-utils-1.24.0.jar:/opt/nifi/nifi-current/./lib/nifi-runtime-1.24.0.jar:/opt/nifi/nifi-current/./lib/jcl-over-slf4j-2.0.9.jar:/opt/nifi/nifi-current/./lib/nifi-stateless-api-1.24.0.jar:/opt/nifi/nifi-current/./lib/nifi-per-process-group-logging-1.24.0.jar:/opt/nifi/nifi-current/./lib/nifi-server-api-1.24.0.jar:/opt/nifi/nifi-current/./lib/nifi-api-1.24.0.jar:/opt/nifi/nifi-current/./lib/nifi-stateless-bootstrap-1.24.0.jar:/opt/nifi/nifi-current/./lib/log4j-over-slf4j-2.0.9.jar:/opt/nifi/nifi-current/./lib/nifi-nar-utils-1.24.0.jar:/opt/nifi/nifi-current/./lib/nifi-properties-1.24.0.jar:/opt/nifi/nifi-current/./lib/logback-core-1.3.11.jar:/opt/nifi/nifi-current/./lib/nifi-framework-api-1.24.0.jar:/opt/nifi/nifi-current/./lib/jul-to-slf4j-2.0.9.jar:/opt/nifi/nifi-current/./lib/jetty-schemas-5.2.jar:/opt/nifi/nifi-current/./lib/logback-classic-1.3.11.jar:/opt/nifi/nifi-current/./lib/javax.servlet-api-3.1.0.jar:/opt/nifi/nifi-current/./lib/java11/jakarta.activation-api-1.2.2.jar:/opt/nifi/nifi-current/./lib/java11/javax.annotation-api-1.3.2.jar:/opt/nifi/nifi-current/./lib/java11/txw2-2.3.8.jar:/opt/nifi/nifi-current/./lib/java11/jaxb-runtime-2.3.8.jar:/opt/nifi/nifi-current/./lib/java11/istack-commons-runtime-3.0.12.jar:/opt/nifi/nifi-current/./lib/java11/jakarta.xml.bind-api-2.3.3.jar:/opt/nifi/nifi-current/./lib/java11/jakarta.activation-1.2.2.jar -Dorg.apache.jasper.compiler.disablejsr199=true -Xmx1g -Xms1g -Dcurator-log-only-first-connection-issue-as-error-level=true -Djavax.security.auth.useSubjectCredsOnly=true -Djava.security.egd=file:/dev/urandom -Dzookeeper.admin.enableServer=false -Dsun.net.http.allowRestrictedHeaders=true -Djava.net.preferIPv4Stack=true -Djava.awt.headless=true -Djava.protocol.handler.pkgs=sun.net.www.protocol -Dnifi.properties.file.path=/opt/nifi/nifi-current/./conf/nifi.properties -Dnifi.bootstrap.listen.port=46111 -Dapp=NiFi -Dorg.apache.nifi.bootstrap.config.log.dir=/opt/nifi/nifi-current/logs org.apache.nifi.NiFi 
2023-12-13 11:18:04,641 INFO [main] org.apache.nifi.bootstrap.Command Launched Apache NiFi with Process ID 100
2023-12-13 11:18:06,972 INFO [NiFi Bootstrap Command Listener] org.apache.nifi.bootstrap.RunNiFi Apache NiFi now running and listening for Bootstrap requests on port 41819
2023-12-13 11:19:10,865 ERROR [NiFi logging handler] org.apache.nifi.StdErr Warning: Nashorn engine is planned to be removed from a future JDK release
2023-12-13 11:19:14,529 ERROR [NiFi logging handler] org.apache.nifi.StdErr Warning: Nashorn engine is planned to be removed from a future JDK release
2023-12-13 11:19:14,551 ERROR [NiFi logging handler] org.apache.nifi.StdErr Warning: Nashorn engine is planned to be removed from a future JDK release
2023-12-13 11:19:14,563 ERROR [NiFi logging handler] org.apache.nifi.StdErr Warning: Nashorn engine is planned to be removed from a future JDK release
2023-12-13 11:19:14,847 ERROR [NiFi logging handler] org.apache.nifi.StdErr Warning: Nashorn engine is planned to be removed from a future JDK release
2023-12-13 11:19:14,863 ERROR [NiFi logging handler] org.apache.nifi.StdErr Warning: Nashorn engine is planned to be removed from a future JDK release
2023-12-13 11:19:15,182 ERROR [NiFi logging handler] org.apache.nifi.StdErr Warning: Nashorn engine is planned to be removed from a future JDK release
2023-12-13 11:19:15,239 ERROR [NiFi logging handler] org.apache.nifi.StdErr Warning: Nashorn engine is planned to be removed from a future JDK release
2023-12-13 11:19:15,465 ERROR [NiFi logging handler] org.apache.nifi.StdErr Warning: Nashorn engine is planned to be removed from a future JDK release
2023-12-13 11:19:26,655 ERROR [NiFi logging handler] org.apache.nifi.StdErr WARNING: An illegal reflective access operation has occurred
2023-12-13 11:19:26,656 ERROR [NiFi logging handler] org.apache.nifi.StdErr WARNING: Illegal reflective access by jetbrains.exodus.io.FileDataWriter$Companion$setUninterruptibleMethod$1 (file:/opt/nifi/nifi-current/./work/nar/framework/nifi-framework-nar-1.24.0.nar-unpacked/NAR-INF/bundled-dependencies/xodus-environment-2.0.1.jar) to method sun.nio.ch.FileChannelImpl.setUninterruptible()
2023-12-13 11:19:26,658 ERROR [NiFi logging handler] org.apache.nifi.StdErr WARNING: Please consider reporting this to the maintainers of jetbrains.exodus.io.FileDataWriter$Companion$setUninterruptibleMethod$1
2023-12-13 11:19:26,659 ERROR [NiFi logging handler] org.apache.nifi.StdErr WARNING: Use --illegal-access=warn to enable warnings of further illegal reflective access operations
2023-12-13 11:19:26,660 ERROR [NiFi logging handler] org.apache.nifi.StdErr WARNING: All illegal access operations will be denied in a future release
2023-12-13 11:23:09,449 INFO [main] o.a.n.b.NotificationServiceManager Successfully loaded the following 0 services: []
2023-12-13 11:23:09,457 INFO [main] org.apache.nifi.bootstrap.RunNiFi Registered no Notification Services for Notification Type NIFI_STARTED
2023-12-13 11:23:09,459 INFO [main] org.apache.nifi.bootstrap.RunNiFi Registered no Notification Services for Notification Type NIFI_STOPPED
2023-12-13 11:23:09,460 INFO [main] org.apache.nifi.bootstrap.RunNiFi Registered no Notification Services for Notification Type NIFI_DIED
2023-12-13 11:23:09,525 INFO [main] org.apache.nifi.bootstrap.Command Apache NiFi has accepted the Shutdown Command and is shutting down now
2023-12-13 11:23:09,661 INFO [main] org.apache.nifi.bootstrap.Command NiFi PID [100] shutdown in progress...
2023-12-13 11:23:11,709 INFO [main] org.apache.nifi.bootstrap.Command NiFi PID [100] shutdown in progress...
2023-12-13 11:23:12,790 INFO [main] org.apache.nifi.bootstrap.RunNiFi A shutdown was initiated. Will not restart NiFi
2023-12-13 11:23:13,715 INFO [main] org.apache.nifi.bootstrap.Command NiFi PID [100] shutdown completed
2023-12-13 11:26:31,619 INFO [main] o.a.n.b.NotificationServiceManager Successfully loaded the following 0 services: []
2023-12-13 11:26:31,625 INFO [main] org.apache.nifi.bootstrap.RunNiFi Registered no Notification Services for Notification Type NIFI_STARTED
2023-12-13 11:26:31,626 INFO [main] org.apache.nifi.bootstrap.RunNiFi Registered no Notification Services for Notification Type NIFI_STOPPED
2023-12-13 11:26:31,626 INFO [main] org.apache.nifi.bootstrap.RunNiFi Registered no Notification Services for Notification Type NIFI_DIED
2023-12-13 11:26:31,641 INFO [main] org.apache.nifi.bootstrap.RunNiFi Runtime Java version: 11.0.21
2023-12-13 11:26:31,856 INFO [main] org.apache.nifi.bootstrap.RunNiFi {javaVersion=11.0.21, availableProcessors=4, maxOpenFileDescriptors=1048576, totalPhysicalMemoryMB=5870, minimumHeapSize=1g, maximumHeapSize=1g}
2023-12-13 11:26:31,888 INFO [main] org.apache.nifi.bootstrap.Command Starting Apache NiFi...
2023-12-13 11:26:31,889 INFO [main] org.apache.nifi.bootstrap.Command Working Directory: /opt/nifi/nifi-current
2023-12-13 11:26:31,890 INFO [main] org.apache.nifi.bootstrap.Command Command: /opt/java/openjdk/bin/java -classpath /opt/nifi/nifi-current/./conf:/opt/nifi/nifi-current/./lib/slf4j-api-2.0.9.jar:/opt/nifi/nifi-current/./lib/nifi-property-utils-1.24.0.jar:/opt/nifi/nifi-current/./lib/nifi-runtime-1.24.0.jar:/opt/nifi/nifi-current/./lib/jcl-over-slf4j-2.0.9.jar:/opt/nifi/nifi-current/./lib/nifi-stateless-api-1.24.0.jar:/opt/nifi/nifi-current/./lib/nifi-per-process-group-logging-1.24.0.jar:/opt/nifi/nifi-current/./lib/nifi-server-api-1.24.0.jar:/opt/nifi/nifi-current/./lib/nifi-api-1.24.0.jar:/opt/nifi/nifi-current/./lib/nifi-stateless-bootstrap-1.24.0.jar:/opt/nifi/nifi-current/./lib/log4j-over-slf4j-2.0.9.jar:/opt/nifi/nifi-current/./lib/nifi-nar-utils-1.24.0.jar:/opt/nifi/nifi-current/./lib/nifi-properties-1.24.0.jar:/opt/nifi/nifi-current/./lib/logback-core-1.3.11.jar:/opt/nifi/nifi-current/./lib/nifi-framework-api-1.24.0.jar:/opt/nifi/nifi-current/./lib/jul-to-slf4j-2.0.9.jar:/opt/nifi/nifi-current/./lib/jetty-schemas-5.2.jar:/opt/nifi/nifi-current/./lib/logback-classic-1.3.11.jar:/opt/nifi/nifi-current/./lib/javax.servlet-api-3.1.0.jar:/opt/nifi/nifi-current/./lib/java11/jakarta.activation-api-1.2.2.jar:/opt/nifi/nifi-current/./lib/java11/javax.annotation-api-1.3.2.jar:/opt/nifi/nifi-current/./lib/java11/txw2-2.3.8.jar:/opt/nifi/nifi-current/./lib/java11/jaxb-runtime-2.3.8.jar:/opt/nifi/nifi-current/./lib/java11/istack-commons-runtime-3.0.12.jar:/opt/nifi/nifi-current/./lib/java11/jakarta.xml.bind-api-2.3.3.jar:/opt/nifi/nifi-current/./lib/java11/jakarta.activation-1.2.2.jar -Dorg.apache.jasper.compiler.disablejsr199=true -Xmx1g -Xms1g -Dcurator-log-only-first-connection-issue-as-error-level=true -Djavax.security.auth.useSubjectCredsOnly=true -Djava.security.egd=file:/dev/urandom -Dzookeeper.admin.enableServer=false -Dsun.net.http.allowRestrictedHeaders=true -Djava.net.preferIPv4Stack=true -Djava.awt.headless=true -Djava.protocol.handler.pkgs=sun.net.www.protocol -Dnifi.properties.file.path=/opt/nifi/nifi-current/./conf/nifi.properties -Dnifi.bootstrap.listen.port=40409 -Dapp=NiFi -Dorg.apache.nifi.bootstrap.config.log.dir=/opt/nifi/nifi-current/logs org.apache.nifi.NiFi 
2023-12-13 11:26:32,294 INFO [main] org.apache.nifi.bootstrap.Command Launched Apache NiFi with Process ID 99
2023-12-13 11:26:33,672 INFO [NiFi Bootstrap Command Listener] org.apache.nifi.bootstrap.RunNiFi Apache NiFi now running and listening for Bootstrap requests on port 43139
2023-12-13 11:27:44,251 ERROR [NiFi logging handler] org.apache.nifi.StdErr Warning: Nashorn engine is planned to be removed from a future JDK release
2023-12-13 11:27:48,119 ERROR [NiFi logging handler] org.apache.nifi.StdErr Warning: Nashorn engine is planned to be removed from a future JDK release
2023-12-13 11:27:48,569 ERROR [NiFi logging handler] org.apache.nifi.StdErr Warning: Nashorn engine is planned to be removed from a future JDK release
2023-12-13 11:27:48,604 ERROR [NiFi logging handler] org.apache.nifi.StdErr Warning: Nashorn engine is planned to be removed from a future JDK release
2023-12-13 11:27:48,665 ERROR [NiFi logging handler] org.apache.nifi.StdErr Warning: Nashorn engine is planned to be removed from a future JDK release
2023-12-13 11:27:49,234 ERROR [NiFi logging handler] org.apache.nifi.StdErr Warning: Nashorn engine is planned to be removed from a future JDK release
2023-12-13 11:27:49,352 ERROR [NiFi logging handler] org.apache.nifi.StdErr Warning: Nashorn engine is planned to be removed from a future JDK release
2023-12-13 11:27:49,421 ERROR [NiFi logging handler] org.apache.nifi.StdErr Warning: Nashorn engine is planned to be removed from a future JDK release
2023-12-13 11:27:50,880 ERROR [NiFi logging handler] org.apache.nifi.StdErr Warning: Nashorn engine is planned to be removed from a future JDK release
2023-12-13 11:28:04,325 ERROR [NiFi logging handler] org.apache.nifi.StdErr WARNING: An illegal reflective access operation has occurred
2023-12-13 11:28:04,326 ERROR [NiFi logging handler] org.apache.nifi.StdErr WARNING: Illegal reflective access by jetbrains.exodus.io.FileDataWriter$Companion$setUninterruptibleMethod$1 (file:/opt/nifi/nifi-current/./work/nar/framework/nifi-framework-nar-1.24.0.nar-unpacked/NAR-INF/bundled-dependencies/xodus-environment-2.0.1.jar) to method sun.nio.ch.FileChannelImpl.setUninterruptible()
2023-12-13 11:28:04,327 ERROR [NiFi logging handler] org.apache.nifi.StdErr WARNING: Please consider reporting this to the maintainers of jetbrains.exodus.io.FileDataWriter$Companion$setUninterruptibleMethod$1
2023-12-13 11:28:04,327 ERROR [NiFi logging handler] org.apache.nifi.StdErr WARNING: Use --illegal-access=warn to enable warnings of further illegal reflective access operations
2023-12-13 11:28:04,328 ERROR [NiFi logging handler] org.apache.nifi.StdErr WARNING: All illegal access operations will be denied in a future release
2023-12-13 14:22:09,365 INFO [main] o.a.n.b.NotificationServiceManager Successfully loaded the following 0 services: []
2023-12-13 14:22:09,463 INFO [main] org.apache.nifi.bootstrap.RunNiFi Registered no Notification Services for Notification Type NIFI_STARTED
2023-12-13 14:22:09,465 INFO [main] org.apache.nifi.bootstrap.RunNiFi Registered no Notification Services for Notification Type NIFI_STOPPED
2023-12-13 14:22:09,465 INFO [main] org.apache.nifi.bootstrap.RunNiFi Registered no Notification Services for Notification Type NIFI_DIED
2023-12-13 14:22:10,107 INFO [main] org.apache.nifi.bootstrap.Command Apache NiFi has accepted the Shutdown Command and is shutting down now
2023-12-13 14:22:10,472 INFO [main] org.apache.nifi.bootstrap.Command NiFi PID [99] shutdown in progress...
2023-12-13 14:22:12,476 INFO [main] org.apache.nifi.bootstrap.Command NiFi PID [99] shutdown in progress...
2023-12-13 14:22:57,593 INFO [main] o.a.n.b.NotificationServiceManager Successfully loaded the following 0 services: []
2023-12-13 14:22:57,599 INFO [main] org.apache.nifi.bootstrap.RunNiFi Registered no Notification Services for Notification Type NIFI_STARTED
2023-12-13 14:22:57,600 INFO [main] org.apache.nifi.bootstrap.RunNiFi Registered no Notification Services for Notification Type NIFI_STOPPED
2023-12-13 14:22:57,601 INFO [main] org.apache.nifi.bootstrap.RunNiFi Registered no Notification Services for Notification Type NIFI_DIED
2023-12-13 14:22:57,699 INFO [main] org.apache.nifi.bootstrap.RunNiFi Runtime Java version: 11.0.21
2023-12-13 14:22:57,989 INFO [main] org.apache.nifi.bootstrap.RunNiFi {javaVersion=11.0.21, availableProcessors=4, maxOpenFileDescriptors=1048576, totalPhysicalMemoryMB=5870, minimumHeapSize=1g, maximumHeapSize=1g}
2023-12-13 14:22:57,999 INFO [main] org.apache.nifi.bootstrap.Command Starting Apache NiFi...
2023-12-13 14:22:58,000 INFO [main] org.apache.nifi.bootstrap.Command Working Directory: /opt/nifi/nifi-current
2023-12-13 14:22:58,001 INFO [main] org.apache.nifi.bootstrap.Command Command: /opt/java/openjdk/bin/java -classpath /opt/nifi/nifi-current/./conf:/opt/nifi/nifi-current/./lib/slf4j-api-2.0.9.jar:/opt/nifi/nifi-current/./lib/nifi-property-utils-1.24.0.jar:/opt/nifi/nifi-current/./lib/nifi-runtime-1.24.0.jar:/opt/nifi/nifi-current/./lib/jcl-over-slf4j-2.0.9.jar:/opt/nifi/nifi-current/./lib/nifi-stateless-api-1.24.0.jar:/opt/nifi/nifi-current/./lib/nifi-per-process-group-logging-1.24.0.jar:/opt/nifi/nifi-current/./lib/nifi-server-api-1.24.0.jar:/opt/nifi/nifi-current/./lib/nifi-api-1.24.0.jar:/opt/nifi/nifi-current/./lib/nifi-stateless-bootstrap-1.24.0.jar:/opt/nifi/nifi-current/./lib/log4j-over-slf4j-2.0.9.jar:/opt/nifi/nifi-current/./lib/nifi-nar-utils-1.24.0.jar:/opt/nifi/nifi-current/./lib/nifi-properties-1.24.0.jar:/opt/nifi/nifi-current/./lib/logback-core-1.3.11.jar:/opt/nifi/nifi-current/./lib/nifi-framework-api-1.24.0.jar:/opt/nifi/nifi-current/./lib/jul-to-slf4j-2.0.9.jar:/opt/nifi/nifi-current/./lib/jetty-schemas-5.2.jar:/opt/nifi/nifi-current/./lib/logback-classic-1.3.11.jar:/opt/nifi/nifi-current/./lib/javax.servlet-api-3.1.0.jar:/opt/nifi/nifi-current/./lib/java11/jakarta.activation-api-1.2.2.jar:/opt/nifi/nifi-current/./lib/java11/javax.annotation-api-1.3.2.jar:/opt/nifi/nifi-current/./lib/java11/txw2-2.3.8.jar:/opt/nifi/nifi-current/./lib/java11/jaxb-runtime-2.3.8.jar:/opt/nifi/nifi-current/./lib/java11/istack-commons-runtime-3.0.12.jar:/opt/nifi/nifi-current/./lib/java11/jakarta.xml.bind-api-2.3.3.jar:/opt/nifi/nifi-current/./lib/java11/jakarta.activation-1.2.2.jar -Dorg.apache.jasper.compiler.disablejsr199=true -Xmx1g -Xms1g -Dcurator-log-only-first-connection-issue-as-error-level=true -Djavax.security.auth.useSubjectCredsOnly=true -Djava.security.egd=file:/dev/urandom -Dzookeeper.admin.enableServer=false -Dsun.net.http.allowRestrictedHeaders=true -Djava.net.preferIPv4Stack=true -Djava.awt.headless=true -Djava.protocol.handler.pkgs=sun.net.www.protocol -Dnifi.properties.file.path=/opt/nifi/nifi-current/./conf/nifi.properties -Dnifi.bootstrap.listen.port=46669 -Dapp=NiFi -Dorg.apache.nifi.bootstrap.config.log.dir=/opt/nifi/nifi-current/logs org.apache.nifi.NiFi 
2023-12-13 14:22:58,329 INFO [main] org.apache.nifi.bootstrap.Command Launched Apache NiFi with Process ID 102
2023-12-13 14:22:59,917 INFO [NiFi Bootstrap Command Listener] org.apache.nifi.bootstrap.RunNiFi Apache NiFi now running and listening for Bootstrap requests on port 33473
2023-12-13 14:24:14,287 ERROR [NiFi logging handler] org.apache.nifi.StdErr WARNING: An illegal reflective access operation has occurred
2023-12-13 14:24:14,288 ERROR [NiFi logging handler] org.apache.nifi.StdErr WARNING: Illegal reflective access by jetbrains.exodus.io.FileDataWriter$Companion$setUninterruptibleMethod$1 (file:/opt/nifi/nifi-current/./work/nar/framework/nifi-framework-nar-1.24.0.nar-unpacked/NAR-INF/bundled-dependencies/xodus-environment-2.0.1.jar) to method sun.nio.ch.FileChannelImpl.setUninterruptible()
2023-12-13 14:24:14,288 ERROR [NiFi logging handler] org.apache.nifi.StdErr WARNING: Please consider reporting this to the maintainers of jetbrains.exodus.io.FileDataWriter$Companion$setUninterruptibleMethod$1
2023-12-13 14:24:14,289 ERROR [NiFi logging handler] org.apache.nifi.StdErr WARNING: Use --illegal-access=warn to enable warnings of further illegal reflective access operations
2023-12-13 14:24:14,289 ERROR [NiFi logging handler] org.apache.nifi.StdErr WARNING: All illegal access operations will be denied in a future release
2023-12-13 15:05:06,606 INFO [main] o.a.n.b.NotificationServiceManager Successfully loaded the following 0 services: []
2023-12-13 15:05:06,624 INFO [main] org.apache.nifi.bootstrap.RunNiFi Registered no Notification Services for Notification Type NIFI_STARTED
2023-12-13 15:05:06,624 INFO [main] org.apache.nifi.bootstrap.RunNiFi Registered no Notification Services for Notification Type NIFI_STOPPED
2023-12-13 15:05:06,625 INFO [main] org.apache.nifi.bootstrap.RunNiFi Registered no Notification Services for Notification Type NIFI_DIED
2023-12-13 15:05:06,670 INFO [main] org.apache.nifi.bootstrap.Command Apache NiFi has accepted the Shutdown Command and is shutting down now
2023-12-13 15:05:06,748 INFO [main] org.apache.nifi.bootstrap.Command NiFi PID [102] shutdown in progress...
2023-12-13 15:05:08,758 INFO [main] org.apache.nifi.bootstrap.Command NiFi PID [102] shutdown in progress...
2023-12-13 15:05:10,199 INFO [main] org.apache.nifi.bootstrap.RunNiFi A shutdown was initiated. Will not restart NiFi
2023-12-13 15:05:10,763 INFO [main] org.apache.nifi.bootstrap.Command NiFi PID [102] shutdown completed
2023-12-13 15:06:23,379 INFO [main] o.a.n.b.NotificationServiceManager Successfully loaded the following 0 services: []
2023-12-13 15:06:23,383 INFO [main] org.apache.nifi.bootstrap.RunNiFi Registered no Notification Services for Notification Type NIFI_STARTED
2023-12-13 15:06:23,384 INFO [main] org.apache.nifi.bootstrap.RunNiFi Registered no Notification Services for Notification Type NIFI_STOPPED
2023-12-13 15:06:23,384 INFO [main] org.apache.nifi.bootstrap.RunNiFi Registered no Notification Services for Notification Type NIFI_DIED
2023-12-13 15:06:23,414 INFO [main] org.apache.nifi.bootstrap.RunNiFi Runtime Java version: 11.0.21
2023-12-13 15:06:23,617 INFO [main] org.apache.nifi.bootstrap.RunNiFi {javaVersion=11.0.21, availableProcessors=4, maxOpenFileDescriptors=1048576, totalPhysicalMemoryMB=5870, minimumHeapSize=1g, maximumHeapSize=1g}
2023-12-13 15:06:23,691 INFO [main] org.apache.nifi.bootstrap.Command Starting Apache NiFi...
2023-12-13 15:06:23,692 INFO [main] org.apache.nifi.bootstrap.Command Working Directory: /opt/nifi/nifi-current
2023-12-13 15:06:23,693 INFO [main] org.apache.nifi.bootstrap.Command Command: /opt/java/openjdk/bin/java -classpath /opt/nifi/nifi-current/./conf:/opt/nifi/nifi-current/./lib/slf4j-api-2.0.9.jar:/opt/nifi/nifi-current/./lib/nifi-property-utils-1.24.0.jar:/opt/nifi/nifi-current/./lib/nifi-runtime-1.24.0.jar:/opt/nifi/nifi-current/./lib/jcl-over-slf4j-2.0.9.jar:/opt/nifi/nifi-current/./lib/nifi-stateless-api-1.24.0.jar:/opt/nifi/nifi-current/./lib/nifi-per-process-group-logging-1.24.0.jar:/opt/nifi/nifi-current/./lib/nifi-server-api-1.24.0.jar:/opt/nifi/nifi-current/./lib/nifi-api-1.24.0.jar:/opt/nifi/nifi-current/./lib/nifi-stateless-bootstrap-1.24.0.jar:/opt/nifi/nifi-current/./lib/log4j-over-slf4j-2.0.9.jar:/opt/nifi/nifi-current/./lib/nifi-nar-utils-1.24.0.jar:/opt/nifi/nifi-current/./lib/nifi-properties-1.24.0.jar:/opt/nifi/nifi-current/./lib/logback-core-1.3.11.jar:/opt/nifi/nifi-current/./lib/nifi-framework-api-1.24.0.jar:/opt/nifi/nifi-current/./lib/jul-to-slf4j-2.0.9.jar:/opt/nifi/nifi-current/./lib/jetty-schemas-5.2.jar:/opt/nifi/nifi-current/./lib/logback-classic-1.3.11.jar:/opt/nifi/nifi-current/./lib/javax.servlet-api-3.1.0.jar:/opt/nifi/nifi-current/./lib/java11/jakarta.activation-api-1.2.2.jar:/opt/nifi/nifi-current/./lib/java11/javax.annotation-api-1.3.2.jar:/opt/nifi/nifi-current/./lib/java11/txw2-2.3.8.jar:/opt/nifi/nifi-current/./lib/java11/jaxb-runtime-2.3.8.jar:/opt/nifi/nifi-current/./lib/java11/istack-commons-runtime-3.0.12.jar:/opt/nifi/nifi-current/./lib/java11/jakarta.xml.bind-api-2.3.3.jar:/opt/nifi/nifi-current/./lib/java11/jakarta.activation-1.2.2.jar -Dorg.apache.jasper.compiler.disablejsr199=true -Xmx1g -Xms1g -Dcurator-log-only-first-connection-issue-as-error-level=true -Djavax.security.auth.useSubjectCredsOnly=true -Djava.security.egd=file:/dev/urandom -Dzookeeper.admin.enableServer=false -Dsun.net.http.allowRestrictedHeaders=true -Djava.net.preferIPv4Stack=true -Djava.awt.headless=true -Djava.protocol.handler.pkgs=sun.net.www.protocol -Dnifi.properties.file.path=/opt/nifi/nifi-current/./conf/nifi.properties -Dnifi.bootstrap.listen.port=43403 -Dapp=NiFi -Dorg.apache.nifi.bootstrap.config.log.dir=/opt/nifi/nifi-current/logs org.apache.nifi.NiFi 
2023-12-13 15:06:24,245 INFO [main] org.apache.nifi.bootstrap.Command Launched Apache NiFi with Process ID 99
2023-12-13 15:06:25,866 INFO [NiFi Bootstrap Command Listener] org.apache.nifi.bootstrap.RunNiFi Apache NiFi now running and listening for Bootstrap requests on port 46299
2023-12-13 15:07:00,307 ERROR [NiFi logging handler] org.apache.nifi.StdErr WARNING: An illegal reflective access operation has occurred
2023-12-13 15:07:00,308 ERROR [NiFi logging handler] org.apache.nifi.StdErr WARNING: Illegal reflective access by jetbrains.exodus.io.FileDataWriter$Companion$setUninterruptibleMethod$1 (file:/opt/nifi/nifi-current/./work/nar/framework/nifi-framework-nar-1.24.0.nar-unpacked/NAR-INF/bundled-dependencies/xodus-environment-2.0.1.jar) to method sun.nio.ch.FileChannelImpl.setUninterruptible()
2023-12-13 15:07:00,309 ERROR [NiFi logging handler] org.apache.nifi.StdErr WARNING: Please consider reporting this to the maintainers of jetbrains.exodus.io.FileDataWriter$Companion$setUninterruptibleMethod$1
2023-12-13 15:07:00,309 ERROR [NiFi logging handler] org.apache.nifi.StdErr WARNING: Use --illegal-access=warn to enable warnings of further illegal reflective access operations
2023-12-13 15:07:00,310 ERROR [NiFi logging handler] org.apache.nifi.StdErr WARNING: All illegal access operations will be denied in a future release
2023-12-13 15:09:46,591 INFO [main] o.a.n.b.NotificationServiceManager Successfully loaded the following 0 services: []
2023-12-13 15:09:46,597 INFO [main] org.apache.nifi.bootstrap.RunNiFi Registered no Notification Services for Notification Type NIFI_STARTED
2023-12-13 15:09:46,598 INFO [main] org.apache.nifi.bootstrap.RunNiFi Registered no Notification Services for Notification Type NIFI_STOPPED
2023-12-13 15:09:46,599 INFO [main] org.apache.nifi.bootstrap.RunNiFi Registered no Notification Services for Notification Type NIFI_DIED
2023-12-13 15:09:46,621 INFO [main] org.apache.nifi.bootstrap.Command Apache NiFi has accepted the Shutdown Command and is shutting down now
2023-12-13 15:09:46,695 INFO [main] org.apache.nifi.bootstrap.Command NiFi PID [99] shutdown in progress...
2023-12-13 15:09:48,707 INFO [main] org.apache.nifi.bootstrap.Command NiFi PID [99] shutdown in progress...
2023-12-13 15:09:50,313 INFO [main] org.apache.nifi.bootstrap.RunNiFi A shutdown was initiated. Will not restart NiFi
2023-12-13 15:09:50,713 INFO [main] org.apache.nifi.bootstrap.Command NiFi PID [99] shutdown completed
2023-12-13 15:13:22,331 INFO [main] o.a.n.b.NotificationServiceManager Successfully loaded the following 0 services: []
2023-12-13 15:13:22,337 INFO [main] org.apache.nifi.bootstrap.RunNiFi Registered no Notification Services for Notification Type NIFI_STARTED
2023-12-13 15:13:22,338 INFO [main] org.apache.nifi.bootstrap.RunNiFi Registered no Notification Services for Notification Type NIFI_STOPPED
2023-12-13 15:13:22,339 INFO [main] org.apache.nifi.bootstrap.RunNiFi Registered no Notification Services for Notification Type NIFI_DIED
2023-12-13 15:13:22,358 INFO [main] org.apache.nifi.bootstrap.RunNiFi Runtime Java version: 11.0.21
2023-12-13 15:13:22,616 INFO [main] org.apache.nifi.bootstrap.RunNiFi {javaVersion=11.0.21, availableProcessors=4, maxOpenFileDescriptors=1048576, totalPhysicalMemoryMB=5870, minimumHeapSize=1g, maximumHeapSize=1g}
2023-12-13 15:13:22,659 INFO [main] org.apache.nifi.bootstrap.Command Starting Apache NiFi...
2023-12-13 15:13:22,660 INFO [main] org.apache.nifi.bootstrap.Command Working Directory: /opt/nifi/nifi-current
2023-12-13 15:13:22,661 INFO [main] org.apache.nifi.bootstrap.Command Command: /opt/java/openjdk/bin/java -classpath /opt/nifi/nifi-current/./conf:/opt/nifi/nifi-current/./lib/slf4j-api-2.0.9.jar:/opt/nifi/nifi-current/./lib/nifi-property-utils-1.24.0.jar:/opt/nifi/nifi-current/./lib/nifi-runtime-1.24.0.jar:/opt/nifi/nifi-current/./lib/jcl-over-slf4j-2.0.9.jar:/opt/nifi/nifi-current/./lib/nifi-stateless-api-1.24.0.jar:/opt/nifi/nifi-current/./lib/nifi-per-process-group-logging-1.24.0.jar:/opt/nifi/nifi-current/./lib/nifi-server-api-1.24.0.jar:/opt/nifi/nifi-current/./lib/nifi-api-1.24.0.jar:/opt/nifi/nifi-current/./lib/nifi-stateless-bootstrap-1.24.0.jar:/opt/nifi/nifi-current/./lib/log4j-over-slf4j-2.0.9.jar:/opt/nifi/nifi-current/./lib/nifi-nar-utils-1.24.0.jar:/opt/nifi/nifi-current/./lib/nifi-properties-1.24.0.jar:/opt/nifi/nifi-current/./lib/logback-core-1.3.11.jar:/opt/nifi/nifi-current/./lib/nifi-framework-api-1.24.0.jar:/opt/nifi/nifi-current/./lib/jul-to-slf4j-2.0.9.jar:/opt/nifi/nifi-current/./lib/jetty-schemas-5.2.jar:/opt/nifi/nifi-current/./lib/logback-classic-1.3.11.jar:/opt/nifi/nifi-current/./lib/javax.servlet-api-3.1.0.jar:/opt/nifi/nifi-current/./lib/java11/jakarta.activation-api-1.2.2.jar:/opt/nifi/nifi-current/./lib/java11/javax.annotation-api-1.3.2.jar:/opt/nifi/nifi-current/./lib/java11/txw2-2.3.8.jar:/opt/nifi/nifi-current/./lib/java11/jaxb-runtime-2.3.8.jar:/opt/nifi/nifi-current/./lib/java11/istack-commons-runtime-3.0.12.jar:/opt/nifi/nifi-current/./lib/java11/jakarta.xml.bind-api-2.3.3.jar:/opt/nifi/nifi-current/./lib/java11/jakarta.activation-1.2.2.jar -Dorg.apache.jasper.compiler.disablejsr199=true -Xmx1g -Xms1g -Dcurator-log-only-first-connection-issue-as-error-level=true -Djavax.security.auth.useSubjectCredsOnly=true -Djava.security.egd=file:/dev/urandom -Dzookeeper.admin.enableServer=false -Dsun.net.http.allowRestrictedHeaders=true -Djava.net.preferIPv4Stack=true -Djava.awt.headless=true -Djava.protocol.handler.pkgs=sun.net.www.protocol -Dnifi.properties.file.path=/opt/nifi/nifi-current/./conf/nifi.properties -Dnifi.bootstrap.listen.port=37801 -Dapp=NiFi -Dorg.apache.nifi.bootstrap.config.log.dir=/opt/nifi/nifi-current/logs org.apache.nifi.NiFi 
2023-12-13 15:13:22,972 INFO [main] org.apache.nifi.bootstrap.Command Launched Apache NiFi with Process ID 99
2023-12-13 15:13:23,974 INFO [NiFi Bootstrap Command Listener] org.apache.nifi.bootstrap.RunNiFi Apache NiFi now running and listening for Bootstrap requests on port 44245
2023-12-13 15:13:34,982 INFO [main] o.a.n.b.NotificationServiceManager Successfully loaded the following 0 services: []
2023-12-13 15:13:34,990 INFO [main] org.apache.nifi.bootstrap.RunNiFi Registered no Notification Services for Notification Type NIFI_STARTED
2023-12-13 15:13:34,990 INFO [main] org.apache.nifi.bootstrap.RunNiFi Registered no Notification Services for Notification Type NIFI_STOPPED
2023-12-13 15:13:34,991 INFO [main] org.apache.nifi.bootstrap.RunNiFi Registered no Notification Services for Notification Type NIFI_DIED
2023-12-13 15:13:35,042 INFO [main] org.apache.nifi.bootstrap.Command Apache NiFi has accepted the Shutdown Command and is shutting down now
2023-12-13 15:13:35,113 INFO [main] org.apache.nifi.bootstrap.Command NiFi PID [99] shutdown in progress...
2023-12-13 15:13:36,985 INFO [main] org.apache.nifi.bootstrap.RunNiFi A shutdown was initiated. Will not restart NiFi
2023-12-13 15:13:37,118 INFO [main] org.apache.nifi.bootstrap.Command NiFi PID [99] shutdown completed
2023-12-13 15:17:07,469 INFO [main] o.a.n.b.NotificationServiceManager Successfully loaded the following 0 services: []
2023-12-13 15:17:07,473 INFO [main] org.apache.nifi.bootstrap.RunNiFi Registered no Notification Services for Notification Type NIFI_STARTED
2023-12-13 15:17:07,473 INFO [main] org.apache.nifi.bootstrap.RunNiFi Registered no Notification Services for Notification Type NIFI_STOPPED
2023-12-13 15:17:07,474 INFO [main] org.apache.nifi.bootstrap.RunNiFi Registered no Notification Services for Notification Type NIFI_DIED
2023-12-13 15:17:07,488 INFO [main] org.apache.nifi.bootstrap.RunNiFi Runtime Java version: 11.0.21
2023-12-13 15:17:07,648 INFO [main] org.apache.nifi.bootstrap.RunNiFi {javaVersion=11.0.21, availableProcessors=4, maxOpenFileDescriptors=1048576, totalPhysicalMemoryMB=5870, minimumHeapSize=1g, maximumHeapSize=1g}
2023-12-13 15:17:07,674 INFO [main] org.apache.nifi.bootstrap.Command Starting Apache NiFi...
2023-12-13 15:17:07,678 INFO [main] org.apache.nifi.bootstrap.Command Working Directory: /opt/nifi/nifi-current
2023-12-13 15:17:07,679 INFO [main] org.apache.nifi.bootstrap.Command Command: /opt/java/openjdk/bin/java -classpath /opt/nifi/nifi-current/./conf:/opt/nifi/nifi-current/./lib/slf4j-api-2.0.9.jar:/opt/nifi/nifi-current/./lib/nifi-property-utils-1.24.0.jar:/opt/nifi/nifi-current/./lib/nifi-runtime-1.24.0.jar:/opt/nifi/nifi-current/./lib/jcl-over-slf4j-2.0.9.jar:/opt/nifi/nifi-current/./lib/nifi-stateless-api-1.24.0.jar:/opt/nifi/nifi-current/./lib/nifi-per-process-group-logging-1.24.0.jar:/opt/nifi/nifi-current/./lib/nifi-server-api-1.24.0.jar:/opt/nifi/nifi-current/./lib/nifi-api-1.24.0.jar:/opt/nifi/nifi-current/./lib/nifi-stateless-bootstrap-1.24.0.jar:/opt/nifi/nifi-current/./lib/log4j-over-slf4j-2.0.9.jar:/opt/nifi/nifi-current/./lib/nifi-nar-utils-1.24.0.jar:/opt/nifi/nifi-current/./lib/nifi-properties-1.24.0.jar:/opt/nifi/nifi-current/./lib/logback-core-1.3.11.jar:/opt/nifi/nifi-current/./lib/nifi-framework-api-1.24.0.jar:/opt/nifi/nifi-current/./lib/jul-to-slf4j-2.0.9.jar:/opt/nifi/nifi-current/./lib/jetty-schemas-5.2.jar:/opt/nifi/nifi-current/./lib/logback-classic-1.3.11.jar:/opt/nifi/nifi-current/./lib/javax.servlet-api-3.1.0.jar:/opt/nifi/nifi-current/./lib/java11/jakarta.activation-api-1.2.2.jar:/opt/nifi/nifi-current/./lib/java11/javax.annotation-api-1.3.2.jar:/opt/nifi/nifi-current/./lib/java11/txw2-2.3.8.jar:/opt/nifi/nifi-current/./lib/java11/jaxb-runtime-2.3.8.jar:/opt/nifi/nifi-current/./lib/java11/istack-commons-runtime-3.0.12.jar:/opt/nifi/nifi-current/./lib/java11/jakarta.xml.bind-api-2.3.3.jar:/opt/nifi/nifi-current/./lib/java11/jakarta.activation-1.2.2.jar -Dorg.apache.jasper.compiler.disablejsr199=true -Xmx1g -Xms1g -Dcurator-log-only-first-connection-issue-as-error-level=true -Djavax.security.auth.useSubjectCredsOnly=true -Djava.security.egd=file:/dev/urandom -Dzookeeper.admin.enableServer=false -Dsun.net.http.allowRestrictedHeaders=true -Djava.net.preferIPv4Stack=true -Djava.awt.headless=true -Djava.protocol.handler.pkgs=sun.net.www.protocol -Dnifi.properties.file.path=/opt/nifi/nifi-current/./conf/nifi.properties -Dnifi.bootstrap.listen.port=36065 -Dapp=NiFi -Dorg.apache.nifi.bootstrap.config.log.dir=/opt/nifi/nifi-current/logs org.apache.nifi.NiFi 
2023-12-13 15:17:07,926 INFO [main] org.apache.nifi.bootstrap.Command Launched Apache NiFi with Process ID 99
2023-12-13 15:17:08,929 INFO [NiFi Bootstrap Command Listener] org.apache.nifi.bootstrap.RunNiFi Apache NiFi now running and listening for Bootstrap requests on port 39695
2023-12-13 15:18:49,457 ERROR [NiFi logging handler] org.apache.nifi.StdErr Warning: Nashorn engine is planned to be removed from a future JDK release
2023-12-13 15:18:53,845 ERROR [NiFi logging handler] org.apache.nifi.StdErr Warning: Nashorn engine is planned to be removed from a future JDK release
2023-12-13 15:18:53,902 ERROR [NiFi logging handler] org.apache.nifi.StdErr Warning: Nashorn engine is planned to be removed from a future JDK release
2023-12-13 15:18:54,088 ERROR [NiFi logging handler] org.apache.nifi.StdErr Warning: Nashorn engine is planned to be removed from a future JDK release
2023-12-13 15:18:54,460 ERROR [NiFi logging handler] org.apache.nifi.StdErr Warning: Nashorn engine is planned to be removed from a future JDK release
2023-12-13 15:18:54,503 ERROR [NiFi logging handler] org.apache.nifi.StdErr Warning: Nashorn engine is planned to be removed from a future JDK release
2023-12-13 15:18:54,523 ERROR [NiFi logging handler] org.apache.nifi.StdErr Warning: Nashorn engine is planned to be removed from a future JDK release
2023-12-13 15:18:54,589 ERROR [NiFi logging handler] org.apache.nifi.StdErr Warning: Nashorn engine is planned to be removed from a future JDK release
2023-12-13 15:18:54,672 ERROR [NiFi logging handler] org.apache.nifi.StdErr Warning: Nashorn engine is planned to be removed from a future JDK release
2023-12-13 15:19:40,086 INFO [main] o.a.n.b.NotificationServiceManager Successfully loaded the following 0 services: []
2023-12-13 15:19:40,093 INFO [main] org.apache.nifi.bootstrap.RunNiFi Registered no Notification Services for Notification Type NIFI_STARTED
2023-12-13 15:19:40,093 INFO [main] org.apache.nifi.bootstrap.RunNiFi Registered no Notification Services for Notification Type NIFI_STOPPED
2023-12-13 15:19:40,094 INFO [main] org.apache.nifi.bootstrap.RunNiFi Registered no Notification Services for Notification Type NIFI_DIED
2023-12-13 15:19:40,499 INFO [main] org.apache.nifi.bootstrap.RunNiFi Runtime Java version: 11.0.21
2023-12-13 15:19:41,112 INFO [main] org.apache.nifi.bootstrap.RunNiFi {javaVersion=11.0.21, availableProcessors=4, maxOpenFileDescriptors=1048576, totalPhysicalMemoryMB=5870, minimumHeapSize=1g, maximumHeapSize=1g}
2023-12-13 15:19:41,128 INFO [main] org.apache.nifi.bootstrap.Command Starting Apache NiFi...
2023-12-13 15:19:41,129 INFO [main] org.apache.nifi.bootstrap.Command Working Directory: /opt/nifi/nifi-current
2023-12-13 15:19:41,130 INFO [main] org.apache.nifi.bootstrap.Command Command: /opt/java/openjdk/bin/java -classpath /opt/nifi/nifi-current/./conf:/opt/nifi/nifi-current/./lib/slf4j-api-2.0.9.jar:/opt/nifi/nifi-current/./lib/nifi-property-utils-1.24.0.jar:/opt/nifi/nifi-current/./lib/nifi-runtime-1.24.0.jar:/opt/nifi/nifi-current/./lib/jcl-over-slf4j-2.0.9.jar:/opt/nifi/nifi-current/./lib/nifi-stateless-api-1.24.0.jar:/opt/nifi/nifi-current/./lib/nifi-per-process-group-logging-1.24.0.jar:/opt/nifi/nifi-current/./lib/nifi-server-api-1.24.0.jar:/opt/nifi/nifi-current/./lib/nifi-api-1.24.0.jar:/opt/nifi/nifi-current/./lib/nifi-stateless-bootstrap-1.24.0.jar:/opt/nifi/nifi-current/./lib/log4j-over-slf4j-2.0.9.jar:/opt/nifi/nifi-current/./lib/nifi-nar-utils-1.24.0.jar:/opt/nifi/nifi-current/./lib/nifi-properties-1.24.0.jar:/opt/nifi/nifi-current/./lib/logback-core-1.3.11.jar:/opt/nifi/nifi-current/./lib/nifi-framework-api-1.24.0.jar:/opt/nifi/nifi-current/./lib/jul-to-slf4j-2.0.9.jar:/opt/nifi/nifi-current/./lib/jetty-schemas-5.2.jar:/opt/nifi/nifi-current/./lib/logback-classic-1.3.11.jar:/opt/nifi/nifi-current/./lib/javax.servlet-api-3.1.0.jar:/opt/nifi/nifi-current/./lib/java11/jakarta.activation-api-1.2.2.jar:/opt/nifi/nifi-current/./lib/java11/javax.annotation-api-1.3.2.jar:/opt/nifi/nifi-current/./lib/java11/txw2-2.3.8.jar:/opt/nifi/nifi-current/./lib/java11/jaxb-runtime-2.3.8.jar:/opt/nifi/nifi-current/./lib/java11/istack-commons-runtime-3.0.12.jar:/opt/nifi/nifi-current/./lib/java11/jakarta.xml.bind-api-2.3.3.jar:/opt/nifi/nifi-current/./lib/java11/jakarta.activation-1.2.2.jar -Dorg.apache.jasper.compiler.disablejsr199=true -Xmx1g -Xms1g -Dcurator-log-only-first-connection-issue-as-error-level=true -Djavax.security.auth.useSubjectCredsOnly=true -Djava.security.egd=file:/dev/urandom -Dzookeeper.admin.enableServer=false -Dsun.net.http.allowRestrictedHeaders=true -Djava.net.preferIPv4Stack=true -Djava.awt.headless=true -Djava.protocol.handler.pkgs=sun.net.www.protocol -Dnifi.properties.file.path=/opt/nifi/nifi-current/./conf/nifi.properties -Dnifi.bootstrap.listen.port=35891 -Dapp=NiFi -Dorg.apache.nifi.bootstrap.config.log.dir=/opt/nifi/nifi-current/logs org.apache.nifi.NiFi 
2023-12-13 15:19:41,590 INFO [main] org.apache.nifi.bootstrap.Command Launched Apache NiFi with Process ID 100
2023-12-13 15:19:42,916 INFO [NiFi Bootstrap Command Listener] org.apache.nifi.bootstrap.RunNiFi Apache NiFi now running and listening for Bootstrap requests on port 45797
2023-12-13 15:21:53,851 ERROR [NiFi logging handler] org.apache.nifi.StdErr Warning: Nashorn engine is planned to be removed from a future JDK release
2023-12-13 15:21:58,571 ERROR [NiFi logging handler] org.apache.nifi.StdErr Warning: Nashorn engine is planned to be removed from a future JDK release
2023-12-13 15:21:58,662 ERROR [NiFi logging handler] org.apache.nifi.StdErr Warning: Nashorn engine is planned to be removed from a future JDK release
2023-12-13 15:21:58,888 ERROR [NiFi logging handler] org.apache.nifi.StdErr Warning: Nashorn engine is planned to be removed from a future JDK release
2023-12-13 15:21:59,301 ERROR [NiFi logging handler] org.apache.nifi.StdErr Warning: Nashorn engine is planned to be removed from a future JDK release
2023-12-13 15:21:59,378 ERROR [NiFi logging handler] org.apache.nifi.StdErr Warning: Nashorn engine is planned to be removed from a future JDK release
2023-12-13 15:21:59,401 ERROR [NiFi logging handler] org.apache.nifi.StdErr Warning: Nashorn engine is planned to be removed from a future JDK release
2023-12-13 15:21:59,414 ERROR [NiFi logging handler] org.apache.nifi.StdErr Warning: Nashorn engine is planned to be removed from a future JDK release
2023-12-13 15:21:59,480 ERROR [NiFi logging handler] org.apache.nifi.StdErr Warning: Nashorn engine is planned to be removed from a future JDK release
2023-12-13 15:22:20,470 INFO [main] o.a.n.b.NotificationServiceManager Successfully loaded the following 0 services: []
2023-12-13 15:22:20,477 INFO [main] org.apache.nifi.bootstrap.RunNiFi Registered no Notification Services for Notification Type NIFI_STARTED
2023-12-13 15:22:20,477 INFO [main] org.apache.nifi.bootstrap.RunNiFi Registered no Notification Services for Notification Type NIFI_STOPPED
2023-12-13 15:22:20,478 INFO [main] org.apache.nifi.bootstrap.RunNiFi Registered no Notification Services for Notification Type NIFI_DIED
2023-12-13 15:22:20,860 INFO [main] org.apache.nifi.bootstrap.Command Apache NiFi has accepted the Shutdown Command and is shutting down now
2023-12-13 15:22:21,279 INFO [main] org.apache.nifi.bootstrap.Command NiFi PID [100] shutdown in progress...
2023-12-13 15:26:13,859 INFO [main] o.a.n.b.NotificationServiceManager Successfully loaded the following 0 services: []
2023-12-13 15:26:13,863 INFO [main] org.apache.nifi.bootstrap.RunNiFi Registered no Notification Services for Notification Type NIFI_STARTED
2023-12-13 15:26:13,864 INFO [main] org.apache.nifi.bootstrap.RunNiFi Registered no Notification Services for Notification Type NIFI_STOPPED
2023-12-13 15:26:13,864 INFO [main] org.apache.nifi.bootstrap.RunNiFi Registered no Notification Services for Notification Type NIFI_DIED
2023-12-13 15:26:14,249 INFO [main] org.apache.nifi.bootstrap.RunNiFi Runtime Java version: 11.0.21
2023-12-13 15:26:16,599 INFO [main] org.apache.nifi.bootstrap.RunNiFi {javaVersion=11.0.21, availableProcessors=4, maxOpenFileDescriptors=1048576, totalPhysicalMemoryMB=5870, minimumHeapSize=1g, maximumHeapSize=1g}
2023-12-13 15:26:16,738 INFO [main] org.apache.nifi.bootstrap.Command Starting Apache NiFi...
2023-12-13 15:26:16,741 INFO [main] org.apache.nifi.bootstrap.Command Working Directory: /opt/nifi/nifi-current
2023-12-13 15:26:16,750 INFO [main] org.apache.nifi.bootstrap.Command Command: /opt/java/openjdk/bin/java -classpath /opt/nifi/nifi-current/./conf:/opt/nifi/nifi-current/./lib/slf4j-api-2.0.9.jar:/opt/nifi/nifi-current/./lib/nifi-property-utils-1.24.0.jar:/opt/nifi/nifi-current/./lib/nifi-runtime-1.24.0.jar:/opt/nifi/nifi-current/./lib/jcl-over-slf4j-2.0.9.jar:/opt/nifi/nifi-current/./lib/nifi-stateless-api-1.24.0.jar:/opt/nifi/nifi-current/./lib/nifi-per-process-group-logging-1.24.0.jar:/opt/nifi/nifi-current/./lib/nifi-server-api-1.24.0.jar:/opt/nifi/nifi-current/./lib/nifi-api-1.24.0.jar:/opt/nifi/nifi-current/./lib/nifi-stateless-bootstrap-1.24.0.jar:/opt/nifi/nifi-current/./lib/log4j-over-slf4j-2.0.9.jar:/opt/nifi/nifi-current/./lib/nifi-nar-utils-1.24.0.jar:/opt/nifi/nifi-current/./lib/nifi-properties-1.24.0.jar:/opt/nifi/nifi-current/./lib/logback-core-1.3.11.jar:/opt/nifi/nifi-current/./lib/nifi-framework-api-1.24.0.jar:/opt/nifi/nifi-current/./lib/jul-to-slf4j-2.0.9.jar:/opt/nifi/nifi-current/./lib/jetty-schemas-5.2.jar:/opt/nifi/nifi-current/./lib/logback-classic-1.3.11.jar:/opt/nifi/nifi-current/./lib/javax.servlet-api-3.1.0.jar:/opt/nifi/nifi-current/./lib/java11/jakarta.activation-api-1.2.2.jar:/opt/nifi/nifi-current/./lib/java11/javax.annotation-api-1.3.2.jar:/opt/nifi/nifi-current/./lib/java11/txw2-2.3.8.jar:/opt/nifi/nifi-current/./lib/java11/jaxb-runtime-2.3.8.jar:/opt/nifi/nifi-current/./lib/java11/istack-commons-runtime-3.0.12.jar:/opt/nifi/nifi-current/./lib/java11/jakarta.xml.bind-api-2.3.3.jar:/opt/nifi/nifi-current/./lib/java11/jakarta.activation-1.2.2.jar -Dorg.apache.jasper.compiler.disablejsr199=true -Xmx1g -Xms1g -Dcurator-log-only-first-connection-issue-as-error-level=true -Djavax.security.auth.useSubjectCredsOnly=true -Djava.security.egd=file:/dev/urandom -Dzookeeper.admin.enableServer=false -Dsun.net.http.allowRestrictedHeaders=true -Djava.net.preferIPv4Stack=true -Djava.awt.headless=true -Djava.protocol.handler.pkgs=sun.net.www.protocol -Dnifi.properties.file.path=/opt/nifi/nifi-current/./conf/nifi.properties -Dnifi.bootstrap.listen.port=40609 -Dapp=NiFi -Dorg.apache.nifi.bootstrap.config.log.dir=/opt/nifi/nifi-current/logs org.apache.nifi.NiFi 
2023-12-13 15:26:17,324 INFO [main] org.apache.nifi.bootstrap.Command Launched Apache NiFi with Process ID 101
2023-12-13 15:26:20,087 INFO [NiFi Bootstrap Command Listener] org.apache.nifi.bootstrap.RunNiFi Apache NiFi now running and listening for Bootstrap requests on port 37253
2023-12-13 15:28:32,774 ERROR [NiFi logging handler] org.apache.nifi.StdErr Warning: Nashorn engine is planned to be removed from a future JDK release
2023-12-13 15:28:48,741 ERROR [NiFi logging handler] org.apache.nifi.StdErr Warning: Nashorn engine is planned to be removed from a future JDK release
2023-12-13 15:28:49,933 ERROR [NiFi logging handler] org.apache.nifi.StdErr Warning: Nashorn engine is planned to be removed from a future JDK release
2023-12-13 15:28:49,956 ERROR [NiFi logging handler] org.apache.nifi.StdErr Warning: Nashorn engine is planned to be removed from a future JDK release
2023-12-13 15:28:49,982 ERROR [NiFi logging handler] org.apache.nifi.StdErr Warning: Nashorn engine is planned to be removed from a future JDK release
2023-12-13 15:28:50,084 ERROR [NiFi logging handler] org.apache.nifi.StdErr Warning: Nashorn engine is planned to be removed from a future JDK release
2023-12-13 15:28:50,129 ERROR [NiFi logging handler] org.apache.nifi.StdErr Warning: Nashorn engine is planned to be removed from a future JDK release
2023-12-13 15:28:50,281 ERROR [NiFi logging handler] org.apache.nifi.StdErr Warning: Nashorn engine is planned to be removed from a future JDK release
2023-12-13 15:28:51,611 ERROR [NiFi logging handler] org.apache.nifi.StdErr Warning: Nashorn engine is planned to be removed from a future JDK release
2023-12-13 15:29:14,877 ERROR [NiFi logging handler] org.apache.nifi.StdErr WARNING: An illegal reflective access operation has occurred
2023-12-13 15:29:14,877 ERROR [NiFi logging handler] org.apache.nifi.StdErr WARNING: Illegal reflective access by jetbrains.exodus.io.FileDataWriter$Companion$setUninterruptibleMethod$1 (file:/opt/nifi/nifi-current/./work/nar/framework/nifi-framework-nar-1.24.0.nar-unpacked/NAR-INF/bundled-dependencies/xodus-environment-2.0.1.jar) to method sun.nio.ch.FileChannelImpl.setUninterruptible()
2023-12-13 15:29:14,878 ERROR [NiFi logging handler] org.apache.nifi.StdErr WARNING: Please consider reporting this to the maintainers of jetbrains.exodus.io.FileDataWriter$Companion$setUninterruptibleMethod$1
2023-12-13 15:29:14,879 ERROR [NiFi logging handler] org.apache.nifi.StdErr WARNING: Use --illegal-access=warn to enable warnings of further illegal reflective access operations
2023-12-13 15:29:14,880 ERROR [NiFi logging handler] org.apache.nifi.StdErr WARNING: All illegal access operations will be denied in a future release
2023-12-13 15:31:42,562 INFO [main] o.a.n.b.NotificationServiceManager Successfully loaded the following 0 services: []
2023-12-13 15:31:42,568 INFO [main] org.apache.nifi.bootstrap.RunNiFi Registered no Notification Services for Notification Type NIFI_STARTED
2023-12-13 15:31:42,569 INFO [main] org.apache.nifi.bootstrap.RunNiFi Registered no Notification Services for Notification Type NIFI_STOPPED
2023-12-13 15:31:42,570 INFO [main] org.apache.nifi.bootstrap.RunNiFi Registered no Notification Services for Notification Type NIFI_DIED
2023-12-13 15:31:42,691 INFO [main] org.apache.nifi.bootstrap.Command Apache NiFi has accepted the Shutdown Command and is shutting down now
2023-12-13 15:31:42,909 INFO [main] org.apache.nifi.bootstrap.Command NiFi PID [101] shutdown in progress...
2023-12-13 15:31:44,916 INFO [main] org.apache.nifi.bootstrap.Command NiFi PID [101] shutdown in progress...
2023-12-13 15:31:45,584 INFO [main] org.apache.nifi.bootstrap.RunNiFi A shutdown was initiated. Will not restart NiFi
2023-12-13 15:31:46,923 INFO [main] org.apache.nifi.bootstrap.Command NiFi PID [101] shutdown completed
2023-12-13 15:32:16,919 INFO [main] o.a.n.b.NotificationServiceManager Successfully loaded the following 0 services: []
2023-12-13 15:32:16,922 INFO [main] org.apache.nifi.bootstrap.RunNiFi Registered no Notification Services for Notification Type NIFI_STARTED
2023-12-13 15:32:16,923 INFO [main] org.apache.nifi.bootstrap.RunNiFi Registered no Notification Services for Notification Type NIFI_STOPPED
2023-12-13 15:32:16,923 INFO [main] org.apache.nifi.bootstrap.RunNiFi Registered no Notification Services for Notification Type NIFI_DIED
2023-12-13 15:32:17,647 INFO [main] org.apache.nifi.bootstrap.RunNiFi Runtime Java version: 11.0.21
2023-12-13 15:32:18,571 INFO [main] org.apache.nifi.bootstrap.RunNiFi {javaVersion=11.0.21, availableProcessors=4, maxOpenFileDescriptors=1048576, totalPhysicalMemoryMB=5870, minimumHeapSize=1g, maximumHeapSize=1g}
2023-12-13 15:32:18,597 INFO [main] org.apache.nifi.bootstrap.Command Starting Apache NiFi...
2023-12-13 15:32:18,599 INFO [main] org.apache.nifi.bootstrap.Command Working Directory: /opt/nifi/nifi-current
2023-12-13 15:32:18,600 INFO [main] org.apache.nifi.bootstrap.Command Command: /opt/java/openjdk/bin/java -classpath /opt/nifi/nifi-current/./conf:/opt/nifi/nifi-current/./lib/slf4j-api-2.0.9.jar:/opt/nifi/nifi-current/./lib/nifi-property-utils-1.24.0.jar:/opt/nifi/nifi-current/./lib/nifi-runtime-1.24.0.jar:/opt/nifi/nifi-current/./lib/jcl-over-slf4j-2.0.9.jar:/opt/nifi/nifi-current/./lib/nifi-stateless-api-1.24.0.jar:/opt/nifi/nifi-current/./lib/nifi-per-process-group-logging-1.24.0.jar:/opt/nifi/nifi-current/./lib/nifi-server-api-1.24.0.jar:/opt/nifi/nifi-current/./lib/nifi-api-1.24.0.jar:/opt/nifi/nifi-current/./lib/nifi-stateless-bootstrap-1.24.0.jar:/opt/nifi/nifi-current/./lib/log4j-over-slf4j-2.0.9.jar:/opt/nifi/nifi-current/./lib/nifi-nar-utils-1.24.0.jar:/opt/nifi/nifi-current/./lib/nifi-properties-1.24.0.jar:/opt/nifi/nifi-current/./lib/logback-core-1.3.11.jar:/opt/nifi/nifi-current/./lib/nifi-framework-api-1.24.0.jar:/opt/nifi/nifi-current/./lib/jul-to-slf4j-2.0.9.jar:/opt/nifi/nifi-current/./lib/jetty-schemas-5.2.jar:/opt/nifi/nifi-current/./lib/logback-classic-1.3.11.jar:/opt/nifi/nifi-current/./lib/javax.servlet-api-3.1.0.jar:/opt/nifi/nifi-current/./lib/java11/jakarta.activation-api-1.2.2.jar:/opt/nifi/nifi-current/./lib/java11/javax.annotation-api-1.3.2.jar:/opt/nifi/nifi-current/./lib/java11/txw2-2.3.8.jar:/opt/nifi/nifi-current/./lib/java11/jaxb-runtime-2.3.8.jar:/opt/nifi/nifi-current/./lib/java11/istack-commons-runtime-3.0.12.jar:/opt/nifi/nifi-current/./lib/java11/jakarta.xml.bind-api-2.3.3.jar:/opt/nifi/nifi-current/./lib/java11/jakarta.activation-1.2.2.jar -Dorg.apache.jasper.compiler.disablejsr199=true -Xmx1g -Xms1g -Dcurator-log-only-first-connection-issue-as-error-level=true -Djavax.security.auth.useSubjectCredsOnly=true -Djava.security.egd=file:/dev/urandom -Dzookeeper.admin.enableServer=false -Dsun.net.http.allowRestrictedHeaders=true -Djava.net.preferIPv4Stack=true -Djava.awt.headless=true -Djava.protocol.handler.pkgs=sun.net.www.protocol -Dnifi.properties.file.path=/opt/nifi/nifi-current/./conf/nifi.properties -Dnifi.bootstrap.listen.port=45601 -Dapp=NiFi -Dorg.apache.nifi.bootstrap.config.log.dir=/opt/nifi/nifi-current/logs org.apache.nifi.NiFi 
2023-12-13 15:32:19,029 INFO [main] org.apache.nifi.bootstrap.Command Launched Apache NiFi with Process ID 100
2023-12-13 15:32:20,649 INFO [NiFi Bootstrap Command Listener] org.apache.nifi.bootstrap.RunNiFi Apache NiFi now running and listening for Bootstrap requests on port 42175
2023-12-13 15:34:23,579 ERROR [NiFi logging handler] org.apache.nifi.StdErr Warning: Nashorn engine is planned to be removed from a future JDK release
2023-12-13 15:34:36,461 ERROR [NiFi logging handler] org.apache.nifi.StdErr Warning: Nashorn engine is planned to be removed from a future JDK release
2023-12-13 15:34:36,952 ERROR [NiFi logging handler] org.apache.nifi.StdErr Warning: Nashorn engine is planned to be removed from a future JDK release
2023-12-13 15:34:36,977 ERROR [NiFi logging handler] org.apache.nifi.StdErr Warning: Nashorn engine is planned to be removed from a future JDK release
2023-12-13 15:34:37,008 ERROR [NiFi logging handler] org.apache.nifi.StdErr Warning: Nashorn engine is planned to be removed from a future JDK release
2023-12-13 15:34:37,138 ERROR [NiFi logging handler] org.apache.nifi.StdErr Warning: Nashorn engine is planned to be removed from a future JDK release
2023-12-13 15:34:37,185 ERROR [NiFi logging handler] org.apache.nifi.StdErr Warning: Nashorn engine is planned to be removed from a future JDK release
2023-12-13 15:34:37,270 ERROR [NiFi logging handler] org.apache.nifi.StdErr Warning: Nashorn engine is planned to be removed from a future JDK release
2023-12-13 15:34:38,210 ERROR [NiFi logging handler] org.apache.nifi.StdErr Warning: Nashorn engine is planned to be removed from a future JDK release
2023-12-13 15:34:55,537 ERROR [NiFi logging handler] org.apache.nifi.StdErr WARNING: An illegal reflective access operation has occurred
2023-12-13 15:34:55,538 ERROR [NiFi logging handler] org.apache.nifi.StdErr WARNING: Illegal reflective access by jetbrains.exodus.io.FileDataWriter$Companion$setUninterruptibleMethod$1 (file:/opt/nifi/nifi-current/./work/nar/framework/nifi-framework-nar-1.24.0.nar-unpacked/NAR-INF/bundled-dependencies/xodus-environment-2.0.1.jar) to method sun.nio.ch.FileChannelImpl.setUninterruptible()
2023-12-13 15:34:55,539 ERROR [NiFi logging handler] org.apache.nifi.StdErr WARNING: Please consider reporting this to the maintainers of jetbrains.exodus.io.FileDataWriter$Companion$setUninterruptibleMethod$1
2023-12-13 15:34:55,539 ERROR [NiFi logging handler] org.apache.nifi.StdErr WARNING: Use --illegal-access=warn to enable warnings of further illegal reflective access operations
2023-12-13 15:34:55,540 ERROR [NiFi logging handler] org.apache.nifi.StdErr WARNING: All illegal access operations will be denied in a future release
2023-12-13 18:40:10,480 INFO [main] o.a.n.b.NotificationServiceManager Successfully loaded the following 0 services: []
2023-12-13 18:40:10,485 INFO [main] org.apache.nifi.bootstrap.RunNiFi Registered no Notification Services for Notification Type NIFI_STARTED
2023-12-13 18:40:10,485 INFO [main] org.apache.nifi.bootstrap.RunNiFi Registered no Notification Services for Notification Type NIFI_STOPPED
2023-12-13 18:40:10,486 INFO [main] org.apache.nifi.bootstrap.RunNiFi Registered no Notification Services for Notification Type NIFI_DIED
2023-12-13 18:40:10,882 INFO [main] org.apache.nifi.bootstrap.RunNiFi Runtime Java version: 11.0.21
2023-12-13 18:40:14,323 INFO [main] org.apache.nifi.bootstrap.RunNiFi {javaVersion=11.0.21, availableProcessors=4, maxOpenFileDescriptors=1048576, totalPhysicalMemoryMB=5870, minimumHeapSize=1g, maximumHeapSize=1g}
2023-12-13 18:40:14,344 INFO [main] org.apache.nifi.bootstrap.Command Starting Apache NiFi...
2023-12-13 18:40:14,346 INFO [main] org.apache.nifi.bootstrap.Command Working Directory: /opt/nifi/nifi-current
2023-12-13 18:40:14,349 INFO [main] org.apache.nifi.bootstrap.Command Command: /opt/java/openjdk/bin/java -classpath /opt/nifi/nifi-current/./conf:/opt/nifi/nifi-current/./lib/slf4j-api-2.0.9.jar:/opt/nifi/nifi-current/./lib/nifi-property-utils-1.24.0.jar:/opt/nifi/nifi-current/./lib/nifi-runtime-1.24.0.jar:/opt/nifi/nifi-current/./lib/jcl-over-slf4j-2.0.9.jar:/opt/nifi/nifi-current/./lib/nifi-stateless-api-1.24.0.jar:/opt/nifi/nifi-current/./lib/nifi-per-process-group-logging-1.24.0.jar:/opt/nifi/nifi-current/./lib/nifi-server-api-1.24.0.jar:/opt/nifi/nifi-current/./lib/nifi-api-1.24.0.jar:/opt/nifi/nifi-current/./lib/nifi-stateless-bootstrap-1.24.0.jar:/opt/nifi/nifi-current/./lib/log4j-over-slf4j-2.0.9.jar:/opt/nifi/nifi-current/./lib/nifi-nar-utils-1.24.0.jar:/opt/nifi/nifi-current/./lib/nifi-properties-1.24.0.jar:/opt/nifi/nifi-current/./lib/logback-core-1.3.11.jar:/opt/nifi/nifi-current/./lib/nifi-framework-api-1.24.0.jar:/opt/nifi/nifi-current/./lib/jul-to-slf4j-2.0.9.jar:/opt/nifi/nifi-current/./lib/jetty-schemas-5.2.jar:/opt/nifi/nifi-current/./lib/logback-classic-1.3.11.jar:/opt/nifi/nifi-current/./lib/javax.servlet-api-3.1.0.jar:/opt/nifi/nifi-current/./lib/java11/jakarta.activation-api-1.2.2.jar:/opt/nifi/nifi-current/./lib/java11/javax.annotation-api-1.3.2.jar:/opt/nifi/nifi-current/./lib/java11/txw2-2.3.8.jar:/opt/nifi/nifi-current/./lib/java11/jaxb-runtime-2.3.8.jar:/opt/nifi/nifi-current/./lib/java11/istack-commons-runtime-3.0.12.jar:/opt/nifi/nifi-current/./lib/java11/jakarta.xml.bind-api-2.3.3.jar:/opt/nifi/nifi-current/./lib/java11/jakarta.activation-1.2.2.jar -Dorg.apache.jasper.compiler.disablejsr199=true -Xmx1g -Xms1g -Dcurator-log-only-first-connection-issue-as-error-level=true -Djavax.security.auth.useSubjectCredsOnly=true -Djava.security.egd=file:/dev/urandom -Dzookeeper.admin.enableServer=false -Dsun.net.http.allowRestrictedHeaders=true -Djava.net.preferIPv4Stack=true -Djava.awt.headless=true -Djava.protocol.handler.pkgs=sun.net.www.protocol -Dnifi.properties.file.path=/opt/nifi/nifi-current/./conf/nifi.properties -Dnifi.bootstrap.listen.port=40425 -Dapp=NiFi -Dorg.apache.nifi.bootstrap.config.log.dir=/opt/nifi/nifi-current/logs org.apache.nifi.NiFi 
2023-12-13 18:40:14,963 INFO [main] org.apache.nifi.bootstrap.Command Launched Apache NiFi with Process ID 102
2023-12-13 18:40:19,100 INFO [NiFi Bootstrap Command Listener] org.apache.nifi.bootstrap.RunNiFi Apache NiFi now running and listening for Bootstrap requests on port 38273
2023-12-13 18:45:05,161 ERROR [NiFi logging handler] org.apache.nifi.StdErr WARNING: An illegal reflective access operation has occurred
2023-12-13 18:45:05,162 ERROR [NiFi logging handler] org.apache.nifi.StdErr WARNING: Illegal reflective access by jetbrains.exodus.io.FileDataWriter$Companion$setUninterruptibleMethod$1 (file:/opt/nifi/nifi-current/./work/nar/framework/nifi-framework-nar-1.24.0.nar-unpacked/NAR-INF/bundled-dependencies/xodus-environment-2.0.1.jar) to method sun.nio.ch.FileChannelImpl.setUninterruptible()
2023-12-13 18:45:05,183 ERROR [NiFi logging handler] org.apache.nifi.StdErr WARNING: Please consider reporting this to the maintainers of jetbrains.exodus.io.FileDataWriter$Companion$setUninterruptibleMethod$1
2023-12-13 18:45:05,184 ERROR [NiFi logging handler] org.apache.nifi.StdErr WARNING: Use --illegal-access=warn to enable warnings of further illegal reflective access operations
2023-12-13 18:45:05,184 ERROR [NiFi logging handler] org.apache.nifi.StdErr WARNING: All illegal access operations will be denied in a future release
2023-12-13 19:04:28,235 INFO [main] o.a.n.b.NotificationServiceManager Successfully loaded the following 0 services: []
2023-12-13 19:04:28,242 INFO [main] org.apache.nifi.bootstrap.RunNiFi Registered no Notification Services for Notification Type NIFI_STARTED
2023-12-13 19:04:28,242 INFO [main] org.apache.nifi.bootstrap.RunNiFi Registered no Notification Services for Notification Type NIFI_STOPPED
2023-12-13 19:04:28,243 INFO [main] org.apache.nifi.bootstrap.RunNiFi Registered no Notification Services for Notification Type NIFI_DIED
2023-12-13 19:06:09,011 INFO [main] o.a.n.b.NotificationServiceManager Successfully loaded the following 0 services: []
2023-12-13 19:06:09,016 INFO [main] org.apache.nifi.bootstrap.RunNiFi Registered no Notification Services for Notification Type NIFI_STARTED
2023-12-13 19:06:09,017 INFO [main] org.apache.nifi.bootstrap.RunNiFi Registered no Notification Services for Notification Type NIFI_STOPPED
2023-12-13 19:06:09,018 INFO [main] org.apache.nifi.bootstrap.RunNiFi Registered no Notification Services for Notification Type NIFI_DIED
2023-12-13 19:06:09,167 INFO [main] org.apache.nifi.bootstrap.RunNiFi Runtime Java version: 11.0.21
2023-12-13 19:06:10,304 INFO [main] org.apache.nifi.bootstrap.RunNiFi {javaVersion=11.0.21, availableProcessors=4, maxOpenFileDescriptors=1048576, totalPhysicalMemoryMB=5870, minimumHeapSize=1g, maximumHeapSize=1g}
2023-12-13 19:06:10,321 INFO [main] org.apache.nifi.bootstrap.Command Starting Apache NiFi...
2023-12-13 19:06:10,323 INFO [main] org.apache.nifi.bootstrap.Command Working Directory: /opt/nifi/nifi-current
2023-12-13 19:06:10,324 INFO [main] org.apache.nifi.bootstrap.Command Command: /opt/java/openjdk/bin/java -classpath /opt/nifi/nifi-current/./conf:/opt/nifi/nifi-current/./lib/slf4j-api-2.0.9.jar:/opt/nifi/nifi-current/./lib/nifi-property-utils-1.24.0.jar:/opt/nifi/nifi-current/./lib/nifi-runtime-1.24.0.jar:/opt/nifi/nifi-current/./lib/jcl-over-slf4j-2.0.9.jar:/opt/nifi/nifi-current/./lib/nifi-stateless-api-1.24.0.jar:/opt/nifi/nifi-current/./lib/nifi-per-process-group-logging-1.24.0.jar:/opt/nifi/nifi-current/./lib/nifi-server-api-1.24.0.jar:/opt/nifi/nifi-current/./lib/nifi-api-1.24.0.jar:/opt/nifi/nifi-current/./lib/nifi-stateless-bootstrap-1.24.0.jar:/opt/nifi/nifi-current/./lib/log4j-over-slf4j-2.0.9.jar:/opt/nifi/nifi-current/./lib/nifi-nar-utils-1.24.0.jar:/opt/nifi/nifi-current/./lib/nifi-properties-1.24.0.jar:/opt/nifi/nifi-current/./lib/logback-core-1.3.11.jar:/opt/nifi/nifi-current/./lib/nifi-framework-api-1.24.0.jar:/opt/nifi/nifi-current/./lib/jul-to-slf4j-2.0.9.jar:/opt/nifi/nifi-current/./lib/jetty-schemas-5.2.jar:/opt/nifi/nifi-current/./lib/logback-classic-1.3.11.jar:/opt/nifi/nifi-current/./lib/javax.servlet-api-3.1.0.jar:/opt/nifi/nifi-current/./lib/java11/jakarta.activation-api-1.2.2.jar:/opt/nifi/nifi-current/./lib/java11/javax.annotation-api-1.3.2.jar:/opt/nifi/nifi-current/./lib/java11/txw2-2.3.8.jar:/opt/nifi/nifi-current/./lib/java11/jaxb-runtime-2.3.8.jar:/opt/nifi/nifi-current/./lib/java11/istack-commons-runtime-3.0.12.jar:/opt/nifi/nifi-current/./lib/java11/jakarta.xml.bind-api-2.3.3.jar:/opt/nifi/nifi-current/./lib/java11/jakarta.activation-1.2.2.jar -Dorg.apache.jasper.compiler.disablejsr199=true -Xmx1g -Xms1g -Dcurator-log-only-first-connection-issue-as-error-level=true -Djavax.security.auth.useSubjectCredsOnly=true -Djava.security.egd=file:/dev/urandom -Dzookeeper.admin.enableServer=false -Dsun.net.http.allowRestrictedHeaders=true -Djava.net.preferIPv4Stack=true -Djava.awt.headless=true -Djava.protocol.handler.pkgs=sun.net.www.protocol -Dnifi.properties.file.path=/opt/nifi/nifi-current/./conf/nifi.properties -Dnifi.bootstrap.listen.port=44521 -Dapp=NiFi -Dorg.apache.nifi.bootstrap.config.log.dir=/opt/nifi/nifi-current/logs org.apache.nifi.NiFi 
2023-12-13 19:06:10,854 INFO [main] org.apache.nifi.bootstrap.Command Launched Apache NiFi with Process ID 100
2023-12-13 19:06:15,190 INFO [NiFi Bootstrap Command Listener] org.apache.nifi.bootstrap.RunNiFi Apache NiFi now running and listening for Bootstrap requests on port 33363
2023-12-13 19:08:40,243 ERROR [NiFi logging handler] org.apache.nifi.StdErr Warning: Nashorn engine is planned to be removed from a future JDK release
2023-12-13 19:08:46,795 ERROR [NiFi logging handler] org.apache.nifi.StdErr Warning: Nashorn engine is planned to be removed from a future JDK release
2023-12-13 19:08:47,191 ERROR [NiFi logging handler] org.apache.nifi.StdErr Warning: Nashorn engine is planned to be removed from a future JDK release
2023-12-13 19:08:47,212 ERROR [NiFi logging handler] org.apache.nifi.StdErr Warning: Nashorn engine is planned to be removed from a future JDK release
2023-12-13 19:08:47,242 ERROR [NiFi logging handler] org.apache.nifi.StdErr Warning: Nashorn engine is planned to be removed from a future JDK release
2023-12-13 19:08:47,345 ERROR [NiFi logging handler] org.apache.nifi.StdErr Warning: Nashorn engine is planned to be removed from a future JDK release
2023-12-13 19:08:47,383 ERROR [NiFi logging handler] org.apache.nifi.StdErr Warning: Nashorn engine is planned to be removed from a future JDK release
2023-12-13 19:08:47,452 ERROR [NiFi logging handler] org.apache.nifi.StdErr Warning: Nashorn engine is planned to be removed from a future JDK release
2023-12-13 19:08:47,960 ERROR [NiFi logging handler] org.apache.nifi.StdErr Warning: Nashorn engine is planned to be removed from a future JDK release
2023-12-13 19:09:00,095 ERROR [NiFi logging handler] org.apache.nifi.StdErr WARNING: An illegal reflective access operation has occurred
2023-12-13 19:09:00,096 ERROR [NiFi logging handler] org.apache.nifi.StdErr WARNING: Illegal reflective access by jetbrains.exodus.io.FileDataWriter$Companion$setUninterruptibleMethod$1 (file:/opt/nifi/nifi-current/./work/nar/framework/nifi-framework-nar-1.24.0.nar-unpacked/NAR-INF/bundled-dependencies/xodus-environment-2.0.1.jar) to method sun.nio.ch.FileChannelImpl.setUninterruptible()
2023-12-13 19:09:00,097 ERROR [NiFi logging handler] org.apache.nifi.StdErr WARNING: Please consider reporting this to the maintainers of jetbrains.exodus.io.FileDataWriter$Companion$setUninterruptibleMethod$1
2023-12-13 19:09:00,097 ERROR [NiFi logging handler] org.apache.nifi.StdErr WARNING: Use --illegal-access=warn to enable warnings of further illegal reflective access operations
2023-12-13 19:09:00,097 ERROR [NiFi logging handler] org.apache.nifi.StdErr WARNING: All illegal access operations will be denied in a future release
